<?xml version="1.0" encoding="UTF-8"?>
<testng-results skipped="0" failed="0" ignored="0" total="2" passed="2">
  <reporter-output>
  </reporter-output>
  <suite name="Suite" duration-ms="10305" started-at="2020-05-01T11:36:15 IST" finished-at="2020-05-01T11:36:26 IST">
    <groups>
    </groups>
    <test name="Test" duration-ms="10305" started-at="2020-05-01T11:36:15 IST" finished-at="2020-05-01T11:36:26 IST">
      <class name="interview.base">
        <test-method status="PASS" signature="testsetup()[pri:0, instance:interview.base@47c62251]" name="testsetup" duration-ms="8685" started-at="2020-05-01T11:36:15 IST" finished-at="2020-05-01T11:36:24 IST">
          <reporter-output>
          </reporter-output>
        </test-method> <!-- testsetup -->
        <test-method status="PASS" signature="launch()[pri:1, instance:interview.base@47c62251]" name="launch" duration-ms="1563" started-at="2020-05-01T11:36:24 IST" finished-at="2020-05-01T11:36:26 IST">
          <reporter-output>
          </reporter-output>
        </test-method> <!-- launch -->
      </class> <!-- interview.base -->
    </test> <!-- Test -->
  </suite> <!-- Suite -->
</testng-results>
