<?xml version="1.0" encoding="UTF-8"?>
<testng-results skipped="0" failed="0" ignored="0" total="1" passed="1">
  <reporter-output>
  </reporter-output>
  <suite name="Suite" duration-ms="12356" started-at="2020-05-01T17:14:24 IST" finished-at="2020-05-01T17:14:36 IST">
    <groups>
    </groups>
    <test name="Test" duration-ms="12356" started-at="2020-05-01T17:14:24 IST" finished-at="2020-05-01T17:14:36 IST">
      <class name="CharmboardtestCase.TC_01">
        <test-method status="PASS" signature="setup(java.lang.String)[pri:0, instance:CharmboardtestCase.TC_01@52feb982]" name="setup" is-config="true" duration-ms="10093" started-at="2020-05-01T17:14:24 IST" finished-at="2020-05-01T17:14:34 IST">
          <params>
            <param index="0">
              <value>
                <![CDATA[firefox]]>
              </value>
            </param>
          </params>
          <reporter-output>
          </reporter-output>
        </test-method> <!-- setup -->
        <test-method status="PASS" signature="login()[pri:0, instance:CharmboardtestCase.TC_01@52feb982]" name="login" duration-ms="330" started-at="2020-05-01T17:14:34 IST" finished-at="2020-05-01T17:14:35 IST">
          <reporter-output>
          </reporter-output>
        </test-method> <!-- login -->
        <test-method status="PASS" signature="teardown()[pri:0, instance:CharmboardtestCase.TC_01@52feb982]" name="teardown" is-config="true" duration-ms="1877" started-at="2020-05-01T17:14:35 IST" finished-at="2020-05-01T17:14:36 IST">
          <reporter-output>
          </reporter-output>
        </test-method> <!-- teardown -->
      </class> <!-- CharmboardtestCase.TC_01 -->
    </test> <!-- Test -->
  </suite> <!-- Suite -->
</testng-results>
